<?xml version="1.0" encoding="UTF-8"?>
<!-- Generated by org.testng.reporters.JUnitXMLReporter -->
<testsuite hostname="DESKTOP-0JH98VT" name="Default test" tests="17" failures="0" timestamp="24 Dec 2017 17:47:52 GMT" time="51.936" errors="0">
  <testcase name="verifyProductsNavigation" time="2.362" classname="com.uptake.test.UptakeHomeTest"/>
  <testcase name="indudustiesNavigation" time="2.304" classname="com.uptake.test.UptakeHomeTest"/>
  <testcase name="verifyAboutNavigation" time="2.309" classname="com.uptake.test.UptakeHomeTest"/>
  <testcase name="expertiseNavigation" time="2.5" classname="com.uptake.test.UptakeHomeTest"/>
  <testcase name="verifyNewsAndInsightNavigation" time="2.653" classname="com.uptake.test.UptakeHomeTest"/>
  <testcase name="careersNavigation" time="2.553" classname="com.uptake.test.UptakeHomeTest"/>
  <testcase name="verifyAgricultureNavigation" time="2.428" classname="com.uptake.test.UptakeHomeTest"/>
  <testcase name="verifyAviationPageNavigation" time="2.337" classname="com.uptake.test.UptakeHomeTest"/>
  <testcase name="verifyConstrutionPageNavigation" time="2.393" classname="com.uptake.test.UptakeHomeTest"/>
  <testcase name="verifyEnergyPageNavigation" time="2.382" classname="com.uptake.test.UptakeHomeTest"/>
  <testcase name="verifyEquipmentDelearsPageNavigation" time="2.403" classname="com.uptake.test.UptakeHomeTest"/>
  <testcase name="verifyMiningNavigation" time="2.646" classname="com.uptake.test.UptakeHomeTest"/>
  <testcase name="verifyOilAndGasNavigation" time="2.502" classname="com.uptake.test.UptakeHomeTest"/>
  <testcase name="verifyRailNavigation" time="2.627" classname="com.uptake.test.UptakeHomeTest"/>
  <testcase name="verifyWingNavigation" time="2.555" classname="com.uptake.test.UptakeHomeTest"/>
  <testcase name="verifyDataScienceNavigation" time="2.769" classname="com.uptake.test.UptakeHomeTest"/>
  <testcase name="verifySecurityNavigation" time="2.587" classname="com.uptake.test.UptakeHomeTest"/>
</testsuite> <!-- Default test -->
